interpretation( 5, [number = 1,seconds = 0], [
    function(a, [0]),
    function(b, [1]),
    function(c, [2]),
    function(d, [3]),
    function(e, [4]),
    relation(HR(_), [0,0,0,1,0]),
    relation(IT(_), [0,1,0,0,0]),
    relation(RD(_), [0,0,1,0,0]),
    relation(age23(_), [0,0,0,1,0]),
    relation(age28(_), [0,0,1,0,0]),
    relation(age35(_), [1,0,0,0,0]),
    relation(age41(_), [0,1,0,0,0]),
    relation(age50(_), [0,0,0,0,1]),
    relation(black(_), [1,0,0,0,0]),
    relation(blue(_), [0,0,1,0,0]),
    relation(book(_), [0,0,1,0,0]),
    relation(chocolate(_), [0,0,0,0,1]),
    relation(cody(_), [0,0,0,1,0]),
    relation(coffee(_), [1,0,0,0,0]),
    relation(green(_), [0,0,0,1,0]),
    relation(jason(_), [0,1,0,0,0]),
    relation(juice(_), [0,0,0,0,1]),
    relation(marketing(_), [1,0,0,0,0]),
    relation(mug(_), [1,0,0,0,0]),
    relation(notepad(_), [0,1,0,0,0]),
    relation(red(_), [0,1,0,0,0]),
    relation(riley(_), [0,0,1,0,0]),
    relation(sales(_), [0,0,0,0,1]),
    relation(softdrink(_), [0,0,1,0,0]),
    relation(steven(_), [0,0,0,0,1]),
    relation(tea(_), [0,0,0,1,0]),
    relation(tie(_), [0,0,0,1,0]),
    relation(tyler(_), [1,0,0,0,0]),
    relation(water(_), [0,1,0,0,0]),
    relation(white(_), [0,0,0,0,1]),
    relation(differentFrom(_,_), [
        0,1,1,1,1,
        1,0,1,1,1,
        1,1,0,1,1,
        1,1,1,0,1,
        1,1,1,1,0]),
    relation(neighbor(_,_), [
        0,1,0,0,0,
        1,0,1,0,0,
        0,1,0,1,0,
        0,0,1,0,1,
        0,0,0,1,0]),
    relation(rightneighbor(_,_), [
        0,1,0,0,0,
        0,0,1,0,0,
        0,0,0,1,0,
        0,0,0,0,1,
        0,0,0,0,0]),
    relation(somewhereRight(_,_), [
        0,1,1,1,1,
        0,0,1,1,1,
        0,0,0,1,1,
        0,0,0,0,1,
        0,0,0,0,0]),
    relation(between(_,_,_), [0,0,0,0,0,0,0,0,0,0,0,0,0,0,0,0,0,0,0,0,0,0,0,0,0,0,0,1,1,1,0,0,0,0,0,0,0,0,0,0,0,0,0,0,0,0,0,0,0,0,0,0,0,1,1,0,0,0,1,1,0,0,0,0,0,0,0,0,0,0,0,0,0,0,0,0,0,0,0,1,0,0,0,0,1,0,0,0,0,1,0,0,0,0,0,0,0,0,0,0,0,0,0,0,0,0,0,0,0,0,0,0,0,0,0,0,0,0,0,0,0,0,0,0,0])]).
